This file contains any messages produced by compilers while
running configure, to aid debugging if configure makes a mistake.

It was created by PEPSaL configure 2.0.0, which was
generated by GNU Autoconf 2.69.  Invocation command line was

  $ ./configure 

## --------- ##
## Platform. ##
## --------- ##

hostname = fit14
uname -m = x86_64
uname -r = 4.15.0-118-lowlatency
uname -s = Linux
uname -v = #119-Ubuntu SMP PREEMPT Tue Sep 8 13:15:08 UTC 2020

/usr/bin/uname -p = unknown
/bin/uname -X     = unknown

/bin/arch              = unknown
/usr/bin/arch -k       = unknown
/usr/convex/getsysinfo = unknown
/usr/bin/hostinfo      = unknown
/bin/machine           = unknown
/usr/bin/oslevel       = unknown
/bin/universe          = unknown

PATH: /usr/local/sbin
PATH: /usr/local/bin
PATH: /usr/sbin
PATH: /usr/bin
PATH: /sbin
PATH: /bin
PATH: /snap/bin


## ----------- ##
## Core tests. ##
## ----------- ##

configure:2257: checking for a BSD-compatible install
configure:2325: result: /usr/bin/install -c
configure:2336: checking whether build environment is sane
configure:2391: result: yes
configure:2542: checking for a thread-safe mkdir -p
configure:2581: result: /bin/mkdir -p
configure:2588: checking for gawk
configure:2604: found /usr/bin/gawk
configure:2615: result: gawk
configure:2626: checking whether make sets $(MAKE)
configure:2648: result: yes
configure:2677: checking whether make supports nested variables
configure:2694: result: yes
configure:2878: checking for gcc
configure:2894: found /usr/bin/gcc
configure:2905: result: gcc
configure:3134: checking for C compiler version
configure:3143: gcc --version >&5
gcc (Ubuntu 9.4.0-1ubuntu1~18.04) 9.4.0
Copyright (C) 2019 Free Software Foundation, Inc.
This is free software; see the source for copying conditions.  There is NO
warranty; not even for MERCHANTABILITY or FITNESS FOR A PARTICULAR PURPOSE.

configure:3154: $? = 0
configure:3143: gcc -v >&5
Using built-in specs.
COLLECT_GCC=gcc
COLLECT_LTO_WRAPPER=/usr/lib/gcc/x86_64-linux-gnu/9/lto-wrapper
OFFLOAD_TARGET_NAMES=nvptx-none:hsa
OFFLOAD_TARGET_DEFAULT=1
Target: x86_64-linux-gnu
Configured with: ../src/configure -v --with-pkgversion='Ubuntu 9.4.0-1ubuntu1~18.04' --with-bugurl=file:///usr/share/doc/gcc-9/README.Bugs --enable-languages=c,ada,c++,go,brig,d,fortran,objc,obj-c++,gm2 --prefix=/usr --with-gcc-major-version-only --program-suffix=-9 --program-prefix=x86_64-linux-gnu- --enable-shared --enable-linker-build-id --libexecdir=/usr/lib --without-included-gettext --enable-threads=posix --libdir=/usr/lib --enable-nls --enable-clocale=gnu --enable-libstdcxx-debug --enable-libstdcxx-time=yes --with-default-libstdcxx-abi=new --enable-gnu-unique-object --disable-vtable-verify --enable-plugin --enable-default-pie --with-system-zlib --with-target-system-zlib=auto --enable-objc-gc=auto --enable-multiarch --disable-werror --with-arch-32=i686 --with-abi=m64 --with-multilib-list=m32,m64,mx32 --enable-multilib --with-tune=generic --enable-offload-targets=nvptx-none=/build/gcc-9-nrQql7/gcc-9-9.4.0/debian/tmp-nvptx/usr,hsa --without-cuda-driver --enable-checking=release --build=x86_64-linux-gnu --host=x86_64-linux-gnu --target=x86_64-linux-gnu
Thread model: posix
gcc version 9.4.0 (Ubuntu 9.4.0-1ubuntu1~18.04) 
configure:3154: $? = 0
configure:3143: gcc -V >&5
gcc: error: unrecognized command line option '-V'
gcc: fatal error: no input files
compilation terminated.
configure:3154: $? = 1
configure:3143: gcc -qversion >&5
gcc: error: unrecognized command line option '-qversion'; did you mean '--version'?
gcc: fatal error: no input files
compilation terminated.
configure:3154: $? = 1
configure:3174: checking whether the C compiler works
configure:3196: gcc    conftest.c  >&5
configure:3200: $? = 0
configure:3248: result: yes
configure:3251: checking for C compiler default output file name
configure:3253: result: a.out
configure:3259: checking for suffix of executables
configure:3266: gcc -o conftest    conftest.c  >&5
configure:3270: $? = 0
configure:3292: result: 
configure:3314: checking whether we are cross compiling
configure:3322: gcc -o conftest    conftest.c  >&5
configure:3326: $? = 0
configure:3333: ./conftest
configure:3337: $? = 0
configure:3352: result: no
configure:3357: checking for suffix of object files
configure:3379: gcc -c   conftest.c >&5
configure:3383: $? = 0
configure:3404: result: o
configure:3408: checking whether we are using the GNU C compiler
configure:3427: gcc -c   conftest.c >&5
configure:3427: $? = 0
configure:3436: result: yes
configure:3445: checking whether gcc accepts -g
configure:3465: gcc -c -g  conftest.c >&5
configure:3465: $? = 0
configure:3506: result: yes
configure:3523: checking for gcc option to accept ISO C89
configure:3586: gcc  -c -g -O2  conftest.c >&5
configure:3586: $? = 0
configure:3599: result: none needed
configure:3624: checking whether gcc understands -c and -o together
configure:3646: gcc -c conftest.c -o conftest2.o
configure:3649: $? = 0
configure:3646: gcc -c conftest.c -o conftest2.o
configure:3649: $? = 0
configure:3661: result: yes
configure:3689: checking for style of include used by make
configure:3717: result: GNU
configure:3743: checking dependency style of gcc
configure:3854: result: gcc3
configure:3869: checking whether make sets $(MAKE)
configure:3891: result: yes
configure:3943: checking for ranlib
configure:3959: found /usr/bin/ranlib
configure:3970: result: ranlib
configure:3995: checking for nfnl_open in -lnfnetlink
configure:4020: gcc -o conftest -g -O2   conftest.c -lnfnetlink   >&5
configure:4020: $? = 0
configure:4029: result: yes
configure:4042: checking for pthread_create in -lpthread
configure:4067: gcc -o conftest -g -O2   conftest.c -lpthread  -lnfnetlink  >&5
configure:4067: $? = 0
configure:4076: result: yes
configure:4089: checking for timer_create in -lrt
configure:4114: gcc -o conftest -g -O2   conftest.c -lrt  -lpthread -lnfnetlink  >&5
configure:4114: $? = 0
configure:4123: result: yes
configure:4136: checking for ceil in -lm
configure:4161: gcc -o conftest -g -O2   conftest.c -lm  -lrt -lpthread -lnfnetlink  >&5
conftest.c:21:6: warning: conflicting types for built-in function 'ceil'; expected 'double(double)' [-Wbuiltin-declaration-mismatch]
   21 | char ceil ();
      |      ^~~~
conftest.c:1:1: note: 'ceil' is declared in header '<math.h>'
    1 | /* confdefs.h */
configure:4161: $? = 0
configure:4170: result: yes
configure:4222: checking for dirent.h that defines DIR
configure:4241: gcc -c -g -O2  conftest.c >&5
configure:4241: $? = 0
configure:4249: result: yes
configure:4262: checking for library containing opendir
configure:4293: gcc -o conftest -g -O2   -lnfnetlink -lpthread -lrt -lm -lrabbitmq conftest.c -lm -lrt -lpthread -lnfnetlink  >&5
configure:4293: $? = 0
configure:4310: result: none required
configure:4382: checking how to run the C preprocessor
configure:4413: gcc -E  conftest.c
configure:4413: $? = 0
configure:4427: gcc -E  conftest.c
conftest.c:16:10: fatal error: ac_nonexistent.h: No such file or directory
   16 | #include <ac_nonexistent.h>
      |          ^~~~~~~~~~~~~~~~~~
compilation terminated.
configure:4427: $? = 1
configure: failed program was:
| /* confdefs.h */
| #define PACKAGE_NAME "PEPSaL"
| #define PACKAGE_TARNAME "pepsal"
| #define PACKAGE_VERSION "2.0.0"
| #define PACKAGE_STRING "PEPSaL 2.0.0"
| #define PACKAGE_BUGREPORT ""
| #define PACKAGE_URL ""
| #define PACKAGE "pepsal"
| #define VERSION "2.0.0"
| #define HAVE_LIBNFNETLINK 1
| #define HAVE_LIBPTHREAD 1
| #define HAVE_LIBRT 1
| #define HAVE_LIBM 1
| #define HAVE_DIRENT_H 1
| /* end confdefs.h.  */
| #include <ac_nonexistent.h>
configure:4452: result: gcc -E
configure:4472: gcc -E  conftest.c
configure:4472: $? = 0
configure:4486: gcc -E  conftest.c
conftest.c:16:10: fatal error: ac_nonexistent.h: No such file or directory
   16 | #include <ac_nonexistent.h>
      |          ^~~~~~~~~~~~~~~~~~
compilation terminated.
configure:4486: $? = 1
configure: failed program was:
| /* confdefs.h */
| #define PACKAGE_NAME "PEPSaL"
| #define PACKAGE_TARNAME "pepsal"
| #define PACKAGE_VERSION "2.0.0"
| #define PACKAGE_STRING "PEPSaL 2.0.0"
| #define PACKAGE_BUGREPORT ""
| #define PACKAGE_URL ""
| #define PACKAGE "pepsal"
| #define VERSION "2.0.0"
| #define HAVE_LIBNFNETLINK 1
| #define HAVE_LIBPTHREAD 1
| #define HAVE_LIBRT 1
| #define HAVE_LIBM 1
| #define HAVE_DIRENT_H 1
| /* end confdefs.h.  */
| #include <ac_nonexistent.h>
configure:4515: checking for grep that handles long lines and -e
configure:4573: result: /bin/grep
configure:4578: checking for egrep
configure:4640: result: /bin/grep -E
configure:4645: checking for ANSI C header files
configure:4665: gcc -c -g -O2  conftest.c >&5
configure:4665: $? = 0
configure:4738: gcc -o conftest -g -O2   -lnfnetlink -lpthread -lrt -lm -lrabbitmq conftest.c -lm -lrt -lpthread -lnfnetlink  >&5
configure:4738: $? = 0
configure:4738: ./conftest
configure:4738: $? = 0
configure:4749: result: yes
configure:4757: checking for sys/wait.h that is POSIX.1 compatible
configure:4783: gcc -c -g -O2  conftest.c >&5
configure:4783: $? = 0
configure:4790: result: yes
configure:4803: checking for sys/types.h
configure:4803: gcc -c -g -O2  conftest.c >&5
configure:4803: $? = 0
configure:4803: result: yes
configure:4803: checking for sys/stat.h
configure:4803: gcc -c -g -O2  conftest.c >&5
configure:4803: $? = 0
configure:4803: result: yes
configure:4803: checking for stdlib.h
configure:4803: gcc -c -g -O2  conftest.c >&5
configure:4803: $? = 0
configure:4803: result: yes
configure:4803: checking for string.h
configure:4803: gcc -c -g -O2  conftest.c >&5
configure:4803: $? = 0
configure:4803: result: yes
configure:4803: checking for memory.h
configure:4803: gcc -c -g -O2  conftest.c >&5
configure:4803: $? = 0
configure:4803: result: yes
configure:4803: checking for strings.h
configure:4803: gcc -c -g -O2  conftest.c >&5
configure:4803: $? = 0
configure:4803: result: yes
configure:4803: checking for inttypes.h
configure:4803: gcc -c -g -O2  conftest.c >&5
configure:4803: $? = 0
configure:4803: result: yes
configure:4803: checking for stdint.h
configure:4803: gcc -c -g -O2  conftest.c >&5
configure:4803: $? = 0
configure:4803: result: yes
configure:4803: checking for unistd.h
configure:4803: gcc -c -g -O2  conftest.c >&5
configure:4803: $? = 0
configure:4803: result: yes
configure:4818: checking fcntl.h usability
configure:4818: gcc -c -g -O2  conftest.c >&5
configure:4818: $? = 0
configure:4818: result: yes
configure:4818: checking fcntl.h presence
configure:4818: gcc -E  conftest.c
configure:4818: $? = 0
configure:4818: result: yes
configure:4818: checking for fcntl.h
configure:4818: result: yes
configure:4818: checking netdb.h usability
configure:4818: gcc -c -g -O2  conftest.c >&5
configure:4818: $? = 0
configure:4818: result: yes
configure:4818: checking netdb.h presence
configure:4818: gcc -E  conftest.c
configure:4818: $? = 0
configure:4818: result: yes
configure:4818: checking for netdb.h
configure:4818: result: yes
configure:4818: checking netinet/in.h usability
configure:4818: gcc -c -g -O2  conftest.c >&5
configure:4818: $? = 0
configure:4818: result: yes
configure:4818: checking netinet/in.h presence
configure:4818: gcc -E  conftest.c
configure:4818: $? = 0
configure:4818: result: yes
configure:4818: checking for netinet/in.h
configure:4818: result: yes
configure:4818: checking for stdlib.h
configure:4818: result: yes
configure:4818: checking for string.h
configure:4818: result: yes
configure:4818: checking sys/socket.h usability
configure:4818: gcc -c -g -O2  conftest.c >&5
configure:4818: $? = 0
configure:4818: result: yes
configure:4818: checking sys/socket.h presence
configure:4818: gcc -E  conftest.c
configure:4818: $? = 0
configure:4818: result: yes
configure:4818: checking for sys/socket.h
configure:4818: result: yes
configure:4818: checking for unistd.h
configure:4818: result: yes
configure:4818: checking time.h usability
configure:4818: gcc -c -g -O2  conftest.c >&5
configure:4818: $? = 0
configure:4818: result: yes
configure:4818: checking time.h presence
configure:4818: gcc -E  conftest.c
configure:4818: $? = 0
configure:4818: result: yes
configure:4818: checking for time.h
configure:4818: result: yes
configure:4830: checking for an ANSI C-conforming const
configure:4896: gcc -c -g -O2  conftest.c >&5
configure:4896: $? = 0
configure:4903: result: yes
configure:4913: checking for pid_t
configure:4913: gcc -c -g -O2  conftest.c >&5
configure:4913: $? = 0
configure:4913: gcc -c -g -O2  conftest.c >&5
conftest.c: In function 'main':
conftest.c:71:20: error: expected expression before ')' token
   71 | if (sizeof ((pid_t)))
      |                    ^
configure:4913: $? = 1
configure: failed program was:
| /* confdefs.h */
| #define PACKAGE_NAME "PEPSaL"
| #define PACKAGE_TARNAME "pepsal"
| #define PACKAGE_VERSION "2.0.0"
| #define PACKAGE_STRING "PEPSaL 2.0.0"
| #define PACKAGE_BUGREPORT ""
| #define PACKAGE_URL ""
| #define PACKAGE "pepsal"
| #define VERSION "2.0.0"
| #define HAVE_LIBNFNETLINK 1
| #define HAVE_LIBPTHREAD 1
| #define HAVE_LIBRT 1
| #define HAVE_LIBM 1
| #define HAVE_DIRENT_H 1
| #define STDC_HEADERS 1
| #define HAVE_SYS_WAIT_H 1
| #define HAVE_SYS_TYPES_H 1
| #define HAVE_SYS_STAT_H 1
| #define HAVE_STDLIB_H 1
| #define HAVE_STRING_H 1
| #define HAVE_MEMORY_H 1
| #define HAVE_STRINGS_H 1
| #define HAVE_INTTYPES_H 1
| #define HAVE_STDINT_H 1
| #define HAVE_UNISTD_H 1
| #define HAVE_FCNTL_H 1
| #define HAVE_NETDB_H 1
| #define HAVE_NETINET_IN_H 1
| #define HAVE_STDLIB_H 1
| #define HAVE_STRING_H 1
| #define HAVE_SYS_SOCKET_H 1
| #define HAVE_UNISTD_H 1
| #define HAVE_TIME_H 1
| /* end confdefs.h.  */
| #include <stdio.h>
| #ifdef HAVE_SYS_TYPES_H
| # include <sys/types.h>
| #endif
| #ifdef HAVE_SYS_STAT_H
| # include <sys/stat.h>
| #endif
| #ifdef STDC_HEADERS
| # include <stdlib.h>
| # include <stddef.h>
| #else
| # ifdef HAVE_STDLIB_H
| #  include <stdlib.h>
| # endif
| #endif
| #ifdef HAVE_STRING_H
| # if !defined STDC_HEADERS && defined HAVE_MEMORY_H
| #  include <memory.h>
| # endif
| # include <string.h>
| #endif
| #ifdef HAVE_STRINGS_H
| # include <strings.h>
| #endif
| #ifdef HAVE_INTTYPES_H
| # include <inttypes.h>
| #endif
| #ifdef HAVE_STDINT_H
| # include <stdint.h>
| #endif
| #ifdef HAVE_UNISTD_H
| # include <unistd.h>
| #endif
| int
| main ()
| {
| if (sizeof ((pid_t)))
| 	    return 0;
|   ;
|   return 0;
| }
configure:4913: result: yes
configure:4926: checking vfork.h usability
configure:4926: gcc -c -g -O2  conftest.c >&5
conftest.c:68:10: fatal error: vfork.h: No such file or directory
   68 | #include <vfork.h>
      |          ^~~~~~~~~
compilation terminated.
configure:4926: $? = 1
configure: failed program was:
| /* confdefs.h */
| #define PACKAGE_NAME "PEPSaL"
| #define PACKAGE_TARNAME "pepsal"
| #define PACKAGE_VERSION "2.0.0"
| #define PACKAGE_STRING "PEPSaL 2.0.0"
| #define PACKAGE_BUGREPORT ""
| #define PACKAGE_URL ""
| #define PACKAGE "pepsal"
| #define VERSION "2.0.0"
| #define HAVE_LIBNFNETLINK 1
| #define HAVE_LIBPTHREAD 1
| #define HAVE_LIBRT 1
| #define HAVE_LIBM 1
| #define HAVE_DIRENT_H 1
| #define STDC_HEADERS 1
| #define HAVE_SYS_WAIT_H 1
| #define HAVE_SYS_TYPES_H 1
| #define HAVE_SYS_STAT_H 1
| #define HAVE_STDLIB_H 1
| #define HAVE_STRING_H 1
| #define HAVE_MEMORY_H 1
| #define HAVE_STRINGS_H 1
| #define HAVE_INTTYPES_H 1
| #define HAVE_STDINT_H 1
| #define HAVE_UNISTD_H 1
| #define HAVE_FCNTL_H 1
| #define HAVE_NETDB_H 1
| #define HAVE_NETINET_IN_H 1
| #define HAVE_STDLIB_H 1
| #define HAVE_STRING_H 1
| #define HAVE_SYS_SOCKET_H 1
| #define HAVE_UNISTD_H 1
| #define HAVE_TIME_H 1
| /* end confdefs.h.  */
| #include <stdio.h>
| #ifdef HAVE_SYS_TYPES_H
| # include <sys/types.h>
| #endif
| #ifdef HAVE_SYS_STAT_H
| # include <sys/stat.h>
| #endif
| #ifdef STDC_HEADERS
| # include <stdlib.h>
| # include <stddef.h>
| #else
| # ifdef HAVE_STDLIB_H
| #  include <stdlib.h>
| # endif
| #endif
| #ifdef HAVE_STRING_H
| # if !defined STDC_HEADERS && defined HAVE_MEMORY_H
| #  include <memory.h>
| # endif
| # include <string.h>
| #endif
| #ifdef HAVE_STRINGS_H
| # include <strings.h>
| #endif
| #ifdef HAVE_INTTYPES_H
| # include <inttypes.h>
| #endif
| #ifdef HAVE_STDINT_H
| # include <stdint.h>
| #endif
| #ifdef HAVE_UNISTD_H
| # include <unistd.h>
| #endif
| #include <vfork.h>
configure:4926: result: no
configure:4926: checking vfork.h presence
configure:4926: gcc -E  conftest.c
conftest.c:35:10: fatal error: vfork.h: No such file or directory
   35 | #include <vfork.h>
      |          ^~~~~~~~~
compilation terminated.
configure:4926: $? = 1
configure: failed program was:
| /* confdefs.h */
| #define PACKAGE_NAME "PEPSaL"
| #define PACKAGE_TARNAME "pepsal"
| #define PACKAGE_VERSION "2.0.0"
| #define PACKAGE_STRING "PEPSaL 2.0.0"
| #define PACKAGE_BUGREPORT ""
| #define PACKAGE_URL ""
| #define PACKAGE "pepsal"
| #define VERSION "2.0.0"
| #define HAVE_LIBNFNETLINK 1
| #define HAVE_LIBPTHREAD 1
| #define HAVE_LIBRT 1
| #define HAVE_LIBM 1
| #define HAVE_DIRENT_H 1
| #define STDC_HEADERS 1
| #define HAVE_SYS_WAIT_H 1
| #define HAVE_SYS_TYPES_H 1
| #define HAVE_SYS_STAT_H 1
| #define HAVE_STDLIB_H 1
| #define HAVE_STRING_H 1
| #define HAVE_MEMORY_H 1
| #define HAVE_STRINGS_H 1
| #define HAVE_INTTYPES_H 1
| #define HAVE_STDINT_H 1
| #define HAVE_UNISTD_H 1
| #define HAVE_FCNTL_H 1
| #define HAVE_NETDB_H 1
| #define HAVE_NETINET_IN_H 1
| #define HAVE_STDLIB_H 1
| #define HAVE_STRING_H 1
| #define HAVE_SYS_SOCKET_H 1
| #define HAVE_UNISTD_H 1
| #define HAVE_TIME_H 1
| /* end confdefs.h.  */
| #include <vfork.h>
configure:4926: result: no
configure:4926: checking for vfork.h
configure:4926: result: no
configure:4939: checking for fork
configure:4939: gcc -o conftest -g -O2   -lnfnetlink -lpthread -lrt -lm -lrabbitmq conftest.c -lm -lrt -lpthread -lnfnetlink  >&5
conftest.c:58:6: warning: conflicting types for built-in function 'fork'; expected 'int(void)' [-Wbuiltin-declaration-mismatch]
   58 | char fork ();
      |      ^~~~
configure:4939: $? = 0
configure:4939: result: yes
configure:4939: checking for vfork
configure:4939: gcc -o conftest -g -O2   -lnfnetlink -lpthread -lrt -lm -lrabbitmq conftest.c -lm -lrt -lpthread -lnfnetlink  >&5
configure:4939: $? = 0
configure:4939: result: yes
configure:4949: checking for working fork
configure:4971: gcc -o conftest -g -O2   -lnfnetlink -lpthread -lrt -lm -lrabbitmq conftest.c -lm -lrt -lpthread -lnfnetlink  >&5
configure:4971: $? = 0
configure:4971: ./conftest
configure:4971: $? = 0
configure:4981: result: yes
configure:5002: checking for working vfork
configure:5112: result: yes
configure:5139: checking for stdlib.h
configure:5139: result: yes
configure:5149: checking for GNU libc compatible malloc
configure:5173: gcc -o conftest -g -O2   -lnfnetlink -lpthread -lrt -lm -lrabbitmq conftest.c -lm -lrt -lpthread -lnfnetlink  >&5
configure:5173: $? = 0
configure:5173: ./conftest
configure:5173: $? = 0
configure:5183: result: yes
configure:5207: checking for gethostbyname
configure:5207: gcc -o conftest -g -O2   -lnfnetlink -lpthread -lrt -lm -lrabbitmq conftest.c -lm -lrt -lpthread -lnfnetlink  >&5
configure:5207: $? = 0
configure:5207: result: yes
configure:5207: checking for memset
configure:5207: gcc -o conftest -g -O2   -lnfnetlink -lpthread -lrt -lm -lrabbitmq conftest.c -lm -lrt -lpthread -lnfnetlink  >&5
conftest.c:65:6: warning: conflicting types for built-in function 'memset'; expected 'void *(void *, int,  long unsigned int)' [-Wbuiltin-declaration-mismatch]
   65 | char memset ();
      |      ^~~~~~
conftest.c:53:1: note: 'memset' is declared in header '<string.h>'
   52 | # include <limits.h>
   53 | #else
configure:5207: $? = 0
configure:5207: result: yes
configure:5207: checking for socket
configure:5207: gcc -o conftest -g -O2   -lnfnetlink -lpthread -lrt -lm -lrabbitmq conftest.c -lm -lrt -lpthread -lnfnetlink  >&5
configure:5207: $? = 0
configure:5207: result: yes
configure:5207: checking for timer_create
configure:5207: gcc -o conftest -g -O2   -lnfnetlink -lpthread -lrt -lm -lrabbitmq conftest.c -lm -lrt -lpthread -lnfnetlink  >&5
configure:5207: $? = 0
configure:5207: result: yes
configure:5207: checking for timer_settime
configure:5207: gcc -o conftest -g -O2   -lnfnetlink -lpthread -lrt -lm -lrabbitmq conftest.c -lm -lrt -lpthread -lnfnetlink  >&5
configure:5207: $? = 0
configure:5207: result: yes
configure:5357: checking that generated files are newer than configure
configure:5363: result: done
configure:5386: creating ./config.status

## ---------------------- ##
## Running config.status. ##
## ---------------------- ##

This file was extended by PEPSaL config.status 2.0.0, which was
generated by GNU Autoconf 2.69.  Invocation command line was

  CONFIG_FILES    = 
  CONFIG_HEADERS  = 
  CONFIG_LINKS    = 
  CONFIG_COMMANDS = 
  $ ./config.status 

on fit14

config.status:882: creating Makefile
config.status:882: creating src/Makefile
config.status:882: creating include/config.h
config.status:1063: include/config.h is unchanged
config.status:1111: executing depfiles commands

## ---------------- ##
## Cache variables. ##
## ---------------- ##

ac_cv_c_compiler_gnu=yes
ac_cv_c_const=yes
ac_cv_env_CC_set=
ac_cv_env_CC_value=
ac_cv_env_CFLAGS_set=
ac_cv_env_CFLAGS_value=
ac_cv_env_CPPFLAGS_set=
ac_cv_env_CPPFLAGS_value=
ac_cv_env_CPP_set=
ac_cv_env_CPP_value=
ac_cv_env_LDFLAGS_set=
ac_cv_env_LDFLAGS_value=
ac_cv_env_LIBS_set=
ac_cv_env_LIBS_value=
ac_cv_env_build_alias_set=
ac_cv_env_build_alias_value=
ac_cv_env_host_alias_set=
ac_cv_env_host_alias_value=
ac_cv_env_target_alias_set=
ac_cv_env_target_alias_value=
ac_cv_func_fork=yes
ac_cv_func_fork_works=yes
ac_cv_func_gethostbyname=yes
ac_cv_func_malloc_0_nonnull=yes
ac_cv_func_memset=yes
ac_cv_func_socket=yes
ac_cv_func_timer_create=yes
ac_cv_func_timer_settime=yes
ac_cv_func_vfork=yes
ac_cv_func_vfork_works=yes
ac_cv_header_dirent_dirent_h=yes
ac_cv_header_fcntl_h=yes
ac_cv_header_inttypes_h=yes
ac_cv_header_memory_h=yes
ac_cv_header_netdb_h=yes
ac_cv_header_netinet_in_h=yes
ac_cv_header_stdc=yes
ac_cv_header_stdint_h=yes
ac_cv_header_stdlib_h=yes
ac_cv_header_string_h=yes
ac_cv_header_strings_h=yes
ac_cv_header_sys_socket_h=yes
ac_cv_header_sys_stat_h=yes
ac_cv_header_sys_types_h=yes
ac_cv_header_sys_wait_h=yes
ac_cv_header_time_h=yes
ac_cv_header_unistd_h=yes
ac_cv_header_vfork_h=no
ac_cv_lib_m_ceil=yes
ac_cv_lib_nfnetlink_nfnl_open=yes
ac_cv_lib_pthread_pthread_create=yes
ac_cv_lib_rt_timer_create=yes
ac_cv_objext=o
ac_cv_path_EGREP='/bin/grep -E'
ac_cv_path_GREP=/bin/grep
ac_cv_path_install='/usr/bin/install -c'
ac_cv_path_mkdir=/bin/mkdir
ac_cv_prog_AWK=gawk
ac_cv_prog_CPP='gcc -E'
ac_cv_prog_ac_ct_CC=gcc
ac_cv_prog_ac_ct_RANLIB=ranlib
ac_cv_prog_cc_c89=
ac_cv_prog_cc_g=yes
ac_cv_prog_make_make_set=yes
ac_cv_search_opendir='none required'
ac_cv_type_pid_t=yes
am_cv_CC_dependencies_compiler_type=gcc3
am_cv_make_support_nested_variables=yes
am_cv_prog_cc_c_o=yes

## ----------------- ##
## Output variables. ##
## ----------------- ##

ACLOCAL='${SHELL} /root/RAPID-LINUX/pepsal/missing aclocal-1.15'
AMDEPBACKSLASH='\'
AMDEP_FALSE='#'
AMDEP_TRUE=''
AMTAR='$${TAR-tar}'
AM_BACKSLASH='\'
AM_CFLAGS=' -g -Wall  foreign'
AM_DEFAULT_V='$(AM_DEFAULT_VERBOSITY)'
AM_DEFAULT_VERBOSITY='1'
AM_V='$(V)'
AUTOCONF='${SHELL} /root/RAPID-LINUX/pepsal/missing autoconf'
AUTOHEADER='${SHELL} /root/RAPID-LINUX/pepsal/missing autoheader'
AUTOMAKE='${SHELL} /root/RAPID-LINUX/pepsal/missing automake-1.15'
AWK='gawk'
CC='gcc'
CCDEPMODE='depmode=gcc3'
CFLAGS='-g -O2'
CPP='gcc -E'
CPPFLAGS=''
CYGPATH_W='echo'
DEFS='-DHAVE_CONFIG_H'
DEPDIR='.deps'
ECHO_C=''
ECHO_N='-n'
ECHO_T=''
EGREP='/bin/grep -E'
EXEEXT=''
GREP='/bin/grep'
INSTALL_DATA='${INSTALL} -m 644'
INSTALL_PROGRAM='${INSTALL}'
INSTALL_SCRIPT='${INSTALL}'
INSTALL_STRIP_PROGRAM='$(install_sh) -c -s'
LDFLAGS=' -lnfnetlink -lpthread -lrt -lm -lrabbitmq'
LIBOBJS=''
LIBS='-lm -lrt -lpthread -lnfnetlink '
LTLIBOBJS=''
MAKEINFO='${SHELL} /root/RAPID-LINUX/pepsal/missing makeinfo'
MKDIR_P='/bin/mkdir -p'
OBJEXT='o'
PACKAGE='pepsal'
PACKAGE_BUGREPORT=''
PACKAGE_NAME='PEPSaL'
PACKAGE_STRING='PEPSaL 2.0.0'
PACKAGE_TARNAME='pepsal'
PACKAGE_URL=''
PACKAGE_VERSION='2.0.0'
PATH_SEPARATOR=':'
RANLIB='ranlib'
SET_MAKE=''
SHELL='/bin/bash'
STRIP=''
VERSION='2.0.0'
ac_ct_CC='gcc'
am__EXEEXT_FALSE=''
am__EXEEXT_TRUE='#'
am__fastdepCC_FALSE='#'
am__fastdepCC_TRUE=''
am__include='include'
am__isrc=''
am__leading_dot='.'
am__nodep='_no'
am__quote=''
am__tar='$${TAR-tar} chof - "$$tardir"'
am__untar='$${TAR-tar} xf -'
bindir='${exec_prefix}/bin'
build_alias=''
datadir='${datarootdir}'
datarootdir='${prefix}/share'
docdir='${datarootdir}/doc/${PACKAGE_TARNAME}'
dvidir='${docdir}'
exec_prefix='${prefix}'
host_alias=''
htmldir='${docdir}'
includedir='${prefix}/include'
infodir='${datarootdir}/info'
install_sh='${SHELL} /root/RAPID-LINUX/pepsal/install-sh'
libdir='${exec_prefix}/lib'
libexecdir='${exec_prefix}/libexec'
localedir='${datarootdir}/locale'
localstatedir='${prefix}/var'
mandir='${datarootdir}/man'
mkdir_p='$(MKDIR_P)'
oldincludedir='/usr/include'
pdfdir='${docdir}'
prefix='/usr/local'
program_transform_name='s,x,x,'
psdir='${docdir}'
runstatedir='${localstatedir}/run'
sbindir='${exec_prefix}/sbin'
sharedstatedir='${prefix}/com'
sysconfdir='${prefix}/etc'
target_alias=''

## ----------- ##
## confdefs.h. ##
## ----------- ##

/* confdefs.h */
#define PACKAGE_NAME "PEPSaL"
#define PACKAGE_TARNAME "pepsal"
#define PACKAGE_VERSION "2.0.0"
#define PACKAGE_STRING "PEPSaL 2.0.0"
#define PACKAGE_BUGREPORT ""
#define PACKAGE_URL ""
#define PACKAGE "pepsal"
#define VERSION "2.0.0"
#define HAVE_LIBNFNETLINK 1
#define HAVE_LIBPTHREAD 1
#define HAVE_LIBRT 1
#define HAVE_LIBM 1
#define HAVE_DIRENT_H 1
#define STDC_HEADERS 1
#define HAVE_SYS_WAIT_H 1
#define HAVE_SYS_TYPES_H 1
#define HAVE_SYS_STAT_H 1
#define HAVE_STDLIB_H 1
#define HAVE_STRING_H 1
#define HAVE_MEMORY_H 1
#define HAVE_STRINGS_H 1
#define HAVE_INTTYPES_H 1
#define HAVE_STDINT_H 1
#define HAVE_UNISTD_H 1
#define HAVE_FCNTL_H 1
#define HAVE_NETDB_H 1
#define HAVE_NETINET_IN_H 1
#define HAVE_STDLIB_H 1
#define HAVE_STRING_H 1
#define HAVE_SYS_SOCKET_H 1
#define HAVE_UNISTD_H 1
#define HAVE_TIME_H 1
#define HAVE_FORK 1
#define HAVE_VFORK 1
#define HAVE_WORKING_VFORK 1
#define HAVE_WORKING_FORK 1
#define HAVE_STDLIB_H 1
#define HAVE_MALLOC 1
#define HAVE_GETHOSTBYNAME 1
#define HAVE_MEMSET 1
#define HAVE_SOCKET 1
#define HAVE_TIMER_CREATE 1
#define HAVE_TIMER_SETTIME 1
#define NDEBUG 1

configure: exit 0
