Performing C SOURCE FILE Test CMAKE_HAVE_LIBC_PTHREAD failed with the following output:
Change Dir: /root/RAPID-LINUX/rabbitmq-c/build/CMakeFiles/CMakeTmp

Run Build Command(s):/usr/bin/make -f Makefile cmTC_03c4e/fast && /usr/bin/make  -f CMakeFiles/cmTC_03c4e.dir/build.make CMakeFiles/cmTC_03c4e.dir/build
make[1]: Entering directory '/root/RAPID-LINUX/rabbitmq-c/build/CMakeFiles/CMakeTmp'
Building C object CMakeFiles/cmTC_03c4e.dir/src.c.o
/usr/bin/cc -DCMAKE_HAVE_LIBC_PTHREAD  -std=gnu99 -o CMakeFiles/cmTC_03c4e.dir/src.c.o -c /root/RAPID-LINUX/rabbitmq-c/build/CMakeFiles/CMakeTmp/src.c
Linking C executable cmTC_03c4e
/usr/local/bin/cmake -E cmake_link_script CMakeFiles/cmTC_03c4e.dir/link.txt --verbose=1
/usr/bin/cc CMakeFiles/cmTC_03c4e.dir/src.c.o -o cmTC_03c4e 
CMakeFiles/cmTC_03c4e.dir/src.c.o: In function `main':
src.c:(.text+0x3e): undefined reference to `pthread_create'
src.c:(.text+0x4a): undefined reference to `pthread_detach'
src.c:(.text+0x56): undefined reference to `pthread_cancel'
src.c:(.text+0x67): undefined reference to `pthread_join'
src.c:(.text+0x7b): undefined reference to `pthread_atfork'
collect2: error: ld returned 1 exit status
CMakeFiles/cmTC_03c4e.dir/build.make:98: recipe for target 'cmTC_03c4e' failed
make[1]: *** [cmTC_03c4e] Error 1
make[1]: Leaving directory '/root/RAPID-LINUX/rabbitmq-c/build/CMakeFiles/CMakeTmp'
Makefile:127: recipe for target 'cmTC_03c4e/fast' failed
make: *** [cmTC_03c4e/fast] Error 2


Source file was:
#include <pthread.h>

static void* test_func(void* data)
{
  return data;
}

int main(void)
{
  pthread_t thread;
  pthread_create(&thread, NULL, test_func, NULL);
  pthread_detach(thread);
  pthread_cancel(thread);
  pthread_join(thread, NULL);
  pthread_atfork(NULL, NULL, NULL);
  pthread_exit(NULL);

  return 0;
}

Performing C SOURCE FILE Test COMPILER_HAS_HIDDEN_INLINE_VISIBILITY failed with the following output:
Change Dir: /root/RAPID-LINUX/rabbitmq-c/build/CMakeFiles/CMakeTmp

Run Build Command(s):/usr/bin/make -f Makefile cmTC_54502/fast && /usr/bin/make  -f CMakeFiles/cmTC_54502.dir/build.make CMakeFiles/cmTC_54502.dir/build
make[1]: Entering directory '/root/RAPID-LINUX/rabbitmq-c/build/CMakeFiles/CMakeTmp'
Building C object CMakeFiles/cmTC_54502.dir/src.c.o
/usr/bin/cc -DCOMPILER_HAS_HIDDEN_INLINE_VISIBILITY  -fvisibility-inlines-hidden -std=gnu99 -o CMakeFiles/cmTC_54502.dir/src.c.o -c /root/RAPID-LINUX/rabbitmq-c/build/CMakeFiles/CMakeTmp/src.c
cc1: warning: command line option '-fvisibility-inlines-hidden' is valid for C++/ObjC++ but not for C
Linking C executable cmTC_54502
/usr/local/bin/cmake -E cmake_link_script CMakeFiles/cmTC_54502.dir/link.txt --verbose=1
/usr/bin/cc CMakeFiles/cmTC_54502.dir/src.c.o -o cmTC_54502 
make[1]: Leaving directory '/root/RAPID-LINUX/rabbitmq-c/build/CMakeFiles/CMakeTmp'


Source file was:
int main(void) { return 0; }
