Performing C++ SOURCE FILE Test CMAKE_HAVE_LIBC_PTHREAD failed with the following output:
Change Dir: /root/flexran-rtc/build/CMakeFiles/CMakeTmp

Run Build Command(s):/usr/bin/make -f Makefile cmTC_03597/fast && /usr/bin/make  -f CMakeFiles/cmTC_03597.dir/build.make CMakeFiles/cmTC_03597.dir/build
make[1]: Entering directory '/root/flexran-rtc/build/CMakeFiles/CMakeTmp'
Building CXX object CMakeFiles/cmTC_03597.dir/src.cxx.o
/usr/bin/c++ -DCMAKE_HAVE_LIBC_PTHREAD  -Wall -Wextra   -o CMakeFiles/cmTC_03597.dir/src.cxx.o -c /root/flexran-rtc/build/CMakeFiles/CMakeTmp/src.cxx
Linking CXX executable cmTC_03597
/usr/local/bin/cmake -E cmake_link_script CMakeFiles/cmTC_03597.dir/link.txt --verbose=1
/usr/bin/c++ -Wall -Wextra   CMakeFiles/cmTC_03597.dir/src.cxx.o -o cmTC_03597 
CMakeFiles/cmTC_03597.dir/src.cxx.o: In function `main':
src.cxx:(.text+0x3e): undefined reference to `pthread_create'
src.cxx:(.text+0x4a): undefined reference to `pthread_detach'
src.cxx:(.text+0x56): undefined reference to `pthread_cancel'
src.cxx:(.text+0x67): undefined reference to `pthread_join'
src.cxx:(.text+0x7b): undefined reference to `pthread_atfork'
collect2: error: ld returned 1 exit status
CMakeFiles/cmTC_03597.dir/build.make:98: recipe for target 'cmTC_03597' failed
make[1]: *** [cmTC_03597] Error 1
make[1]: Leaving directory '/root/flexran-rtc/build/CMakeFiles/CMakeTmp'
Makefile:127: recipe for target 'cmTC_03597/fast' failed
make: *** [cmTC_03597/fast] Error 2


Source file was:
#include <pthread.h>

static void* test_func(void* data)
{
  return data;
}

int main(void)
{
  pthread_t thread;
  pthread_create(&thread, NULL, test_func, NULL);
  pthread_detach(thread);
  pthread_cancel(thread);
  pthread_join(thread, NULL);
  pthread_atfork(NULL, NULL, NULL);
  pthread_exit(NULL);

  return 0;
}

Determining if the function pthread_create exists in the pthreads failed with the following output:
Change Dir: /root/flexran-rtc/build/CMakeFiles/CMakeTmp

Run Build Command(s):/usr/bin/make -f Makefile cmTC_11fd6/fast && /usr/bin/make  -f CMakeFiles/cmTC_11fd6.dir/build.make CMakeFiles/cmTC_11fd6.dir/build
make[1]: Entering directory '/root/flexran-rtc/build/CMakeFiles/CMakeTmp'
Building CXX object CMakeFiles/cmTC_11fd6.dir/CheckFunctionExists.cxx.o
/usr/bin/c++   -Wall -Wextra  -DCHECK_FUNCTION_EXISTS=pthread_create -o CMakeFiles/cmTC_11fd6.dir/CheckFunctionExists.cxx.o -c /root/flexran-rtc/build/CMakeFiles/CheckLibraryExists/CheckFunctionExists.cxx
Linking CXX executable cmTC_11fd6
/usr/local/bin/cmake -E cmake_link_script CMakeFiles/cmTC_11fd6.dir/link.txt --verbose=1
/usr/bin/c++ -Wall -Wextra  -DCHECK_FUNCTION_EXISTS=pthread_create CMakeFiles/cmTC_11fd6.dir/CheckFunctionExists.cxx.o -o cmTC_11fd6  -lpthreads 
/usr/bin/ld: cannot find -lpthreads
collect2: error: ld returned 1 exit status
CMakeFiles/cmTC_11fd6.dir/build.make:98: recipe for target 'cmTC_11fd6' failed
make[1]: *** [cmTC_11fd6] Error 1
make[1]: Leaving directory '/root/flexran-rtc/build/CMakeFiles/CMakeTmp'
Makefile:127: recipe for target 'cmTC_11fd6/fast' failed
make: *** [cmTC_11fd6/fast] Error 2



